[debug] [2025-07-18T09:35:30.715Z] ----------------------------------------------------------------------
[debug] [2025-07-18T09:35:30.719Z] Command:       C:\Program Files\nodejs\node.exe C:\Users\Admin\AppData\Roaming\npm\node_modules\firebase-tools\lib\bin\firebase.js init
[debug] [2025-07-18T09:35:30.719Z] CLI Version:   14.11.0
[debug] [2025-07-18T09:35:30.720Z] Platform:      win32
[debug] [2025-07-18T09:35:30.720Z] Node Version:  v22.17.0
[debug] [2025-07-18T09:35:30.720Z] Time:          Fri Jul 18 2025 05:35:30 GMT-0400 (Eastern Daylight Time)
[debug] [2025-07-18T09:35:30.720Z] ----------------------------------------------------------------------
[debug] 
[debug] [2025-07-18T09:35:31.044Z] > command requires scopes: ["email","openid","https://www.googleapis.com/auth/cloudplatformprojects.readonly","https://www.googleapis.com/auth/firebase","https://www.googleapis.com/auth/cloud-platform"]
[debug] [2025-07-18T09:35:31.045Z] > authorizing via signed-in user (terri.bertin57@gmail.com)
[info] 
     ######## #### ########  ######## ########     ###     ######  ########
     ##        ##  ##     ## ##       ##     ##  ##   ##  ##       ##
     ######    ##  ########  ######   ########  #########  ######  ######
     ##        ##  ##    ##  ##       ##     ## ##     ##       ## ##
     ##       #### ##     ## ######## ########  ##     ##  ######  ########

You're about to initialize a Firebase project in this directory:

  C:\Users\Admin

Before we get started, keep in mind:

  * You are initializing within an existing Firebase project directory

[info] 
=== Project Setup
[info] 
[info] First, let's associate this project directory with a Firebase project.
[info] You can create multiple project aliases by running firebase use --add, 
[info] but for now we'll just set up a default project.
[info] 
[debug] [2025-07-18T09:35:44.586Z] Using project from CLI flag: justice-bot-16f26
[debug] [2025-07-18T09:35:44.588Z] Checked if tokens are valid: false, expires at: 1752830213702
[debug] [2025-07-18T09:35:44.589Z] Checked if tokens are valid: false, expires at: 1752830213702
[debug] [2025-07-18T09:35:44.589Z] > refreshing access token with scopes: []
[debug] [2025-07-18T09:35:44.592Z] >>> [apiv2][query] POST https://www.googleapis.com/oauth2/v3/token [none]
[debug] [2025-07-18T09:35:44.592Z] >>> [apiv2][body] POST https://www.googleapis.com/oauth2/v3/token [omitted]
[debug] [2025-07-18T09:35:44.838Z] <<< [apiv2][status] POST https://www.googleapis.com/oauth2/v3/token 200
[debug] [2025-07-18T09:35:44.838Z] <<< [apiv2][body] POST https://www.googleapis.com/oauth2/v3/token [omitted]
[debug] [2025-07-18T09:35:44.852Z] >>> [apiv2][query] GET https://firebase.googleapis.com/v1beta1/projects/justice-bot-16f26 [none]
[debug] [2025-07-18T09:35:45.192Z] <<< [apiv2][status] GET https://firebase.googleapis.com/v1beta1/projects/justice-bot-16f26 200
[debug] [2025-07-18T09:35:45.192Z] <<< [apiv2][body] GET https://firebase.googleapis.com/v1beta1/projects/justice-bot-16f26 {"projectId":"justice-bot-16f26","projectNumber":"365206120273","displayName":"Justice-bot","name":"projects/justice-bot-16f26","resources":{"hostingSite":"justice-bot-16f26","realtimeDatabaseInstance":"justice-bot-16f26-default-rtdb"},"state":"ACTIVE","etag":"1_3f800354-a0d2-4dc9-bfcf-5d965cc1eaf6"}
[info] i  Using project justice-bot-16f26 (Justice-bot) 
[info] 
=== App Hosting Setup
[debug] [2025-07-18T09:35:45.201Z] Checked if tokens are valid: true, expires at: 1752834943838
[debug] [2025-07-18T09:35:45.202Z] Checked if tokens are valid: true, expires at: 1752834943838
[debug] [2025-07-18T09:35:45.202Z] >>> [apiv2][query] GET https://cloudbilling.googleapis.com/v1/projects/justice-bot-16f26/billingInfo [none]
[debug] [2025-07-18T09:35:45.466Z] <<< [apiv2][status] GET https://cloudbilling.googleapis.com/v1/projects/justice-bot-16f26/billingInfo 200
[debug] [2025-07-18T09:35:45.467Z] <<< [apiv2][body] GET https://cloudbilling.googleapis.com/v1/projects/justice-bot-16f26/billingInfo {"name":"projects/justice-bot-16f26/billingInfo","projectId":"justice-bot-16f26","billingAccountName":"billingAccounts/01D95D-60CDFE-534A34","billingEnabled":true}
[debug] [2025-07-18T09:35:45.471Z] Checked if tokens are valid: true, expires at: 1752834943838
[debug] [2025-07-18T09:35:45.471Z] Checked if tokens are valid: true, expires at: 1752834943838
[debug] [2025-07-18T09:35:45.471Z] >>> [apiv2][query] POST https://iam.googleapis.com/v1/projects/justice-bot-16f26/serviceAccounts/firebase-app-hosting-compute@justice-bot-16f26.iam.gserviceaccount.com:testIamPermissions [none]
[debug] [2025-07-18T09:35:45.471Z] >>> [apiv2][(partial)header] POST https://iam.googleapis.com/v1/projects/justice-bot-16f26/serviceAccounts/firebase-app-hosting-compute@justice-bot-16f26.iam.gserviceaccount.com:testIamPermissions x-goog-quota-user=projects/justice-bot-16f26
[debug] [2025-07-18T09:35:45.471Z] >>> [apiv2][body] POST https://iam.googleapis.com/v1/projects/justice-bot-16f26/serviceAccounts/firebase-app-hosting-compute@justice-bot-16f26.iam.gserviceaccount.com:testIamPermissions {"permissions":["iam.serviceAccounts.actAs"]}
[debug] [2025-07-18T09:35:45.763Z] <<< [apiv2][status] POST https://iam.googleapis.com/v1/projects/justice-bot-16f26/serviceAccounts/firebase-app-hosting-compute@justice-bot-16f26.iam.gserviceaccount.com:testIamPermissions 200
[debug] [2025-07-18T09:35:45.763Z] <<< [apiv2][body] POST https://iam.googleapis.com/v1/projects/justice-bot-16f26/serviceAccounts/firebase-app-hosting-compute@justice-bot-16f26.iam.gserviceaccount.com:testIamPermissions {"permissions":["iam.serviceAccounts.actAs"]}
[debug] [2025-07-18T09:35:45.764Z] Checked if tokens are valid: true, expires at: 1752834943838
[debug] [2025-07-18T09:35:45.764Z] Checked if tokens are valid: true, expires at: 1752834943838
[debug] [2025-07-18T09:35:45.764Z] >>> [apiv2][query] POST https://iam.googleapis.com/v1/projects/justice-bot-16f26/serviceAccounts [none]
[debug] [2025-07-18T09:35:45.764Z] >>> [apiv2][body] POST https://iam.googleapis.com/v1/projects/justice-bot-16f26/serviceAccounts {"accountId":"firebase-app-hosting-compute","serviceAccount":{"displayName":"Firebase App Hosting compute service account","description":"Default service account used to run builds and deploys for Firebase App Hosting"}}
[debug] [2025-07-18T09:35:45.927Z] <<< [apiv2][status] POST https://iam.googleapis.com/v1/projects/justice-bot-16f26/serviceAccounts 409
[debug] [2025-07-18T09:35:45.927Z] <<< [apiv2][body] POST https://iam.googleapis.com/v1/projects/justice-bot-16f26/serviceAccounts [omitted]
[debug] [2025-07-18T09:35:45.928Z] Checked if tokens are valid: true, expires at: 1752834943838
[debug] [2025-07-18T09:35:45.928Z] Checked if tokens are valid: true, expires at: 1752834943838
[debug] [2025-07-18T09:35:45.929Z] >>> [apiv2][query] POST https://cloudresourcemanager.googleapis.com/v1/projects/justice-bot-16f26:getIamPolicy [none]
[debug] [2025-07-18T09:35:46.284Z] <<< [apiv2][status] POST https://cloudresourcemanager.googleapis.com/v1/projects/justice-bot-16f26:getIamPolicy 200
[debug] [2025-07-18T09:35:46.285Z] <<< [apiv2][body] POST https://cloudresourcemanager.googleapis.com/v1/projects/justice-bot-16f26:getIamPolicy {"version":1,"etag":"BwY6MLvFTdI=","bindings":[{"role":"roles/artifactregistry.serviceAgent","members":["serviceAccount:service-365206120273@gcp-sa-artifactregistry.iam.gserviceaccount.com"]},{"role":"roles/cloudbuild.builds.builder","members":["serviceAccount:365206120273@cloudbuild.gserviceaccount.com"]},{"role":"roles/cloudbuild.serviceAgent","members":["serviceAccount:service-365206120273@gcp-sa-cloudbuild.iam.gserviceaccount.com"]},{"role":"roles/cloudfunctions.developer","members":["serviceAccount:github-action-1017692965@justice-bot-16f26.iam.gserviceaccount.com"]},{"role":"roles/cloudfunctions.serviceAgent","members":["serviceAccount:service-365206120273@gcf-admin-robot.iam.gserviceaccount.com"]},{"role":"roles/containeranalysis.ServiceAgent","members":["serviceAccount:service-365206120273@container-analysis.iam.gserviceaccount.com"]},{"role":"roles/containerregistry.ServiceAgent","members":["serviceAccount:service-365206120273@containerregistry.iam.gserviceaccount.com"]},{"role":"roles/developerconnect.readTokenAccessor","members":["serviceAccount:firebase-app-hosting-compute@justice-bot-16f26.iam.gserviceaccount.com"]},{"role":"roles/developerconnect.serviceAgent","members":["serviceAccount:service-365206120273@gcp-sa-devconnect.iam.gserviceaccount.com"]},{"role":"roles/editor","members":["serviceAccount:365206120273-compute@developer.gserviceaccount.com","serviceAccount:justice-bot-16f26@appspot.gserviceaccount.com"]},{"role":"roles/firebase.managementServiceAgent","members":["serviceAccount:service-365206120273@gcp-sa-firebase.iam.gserviceaccount.com"]},{"role":"roles/firebase.sdkAdminServiceAgent","members":["serviceAccount:firebase-adminsdk-fbsvc@justice-bot-16f26.iam.gserviceaccount.com","serviceAccount:firebase-app-hosting-compute@justice-bot-16f26.iam.gserviceaccount.com"]},{"role":"roles/firebaseappcheck.admin","members":["serviceAccount:firebase-adminsdk-fbsvc@justice-bot-16f26.iam.gserviceaccount.com"]},{"role":"roles/firebaseapphosting.computeRunner","members":["serviceAccount:firebase-app-hosting-compute@justice-bot-16f26.iam.gserviceaccount.com"]},{"role":"roles/firebaseapphosting.serviceAgent","members":["serviceAccount:service-365206120273@gcp-sa-firebaseapphosting.iam.gserviceaccount.com"]},{"role":"roles/firebaseauth.admin","members":["serviceAccount:github-action-1017692965@justice-bot-16f26.iam.gserviceaccount.com"]},{"role":"roles/firebasehosting.admin","members":["serviceAccount:github-action-1017692965@justice-bot-16f26.iam.gserviceaccount.com"]},{"role":"roles/firebaserules.system","members":["serviceAccount:service-365206120273@firebase-rules.iam.gserviceaccount.com"]},{"role":"roles/firestore.serviceAgent","members":["serviceAccount:service-365206120273@gcp-sa-firestore.iam.gserviceaccount.com"]},{"role":"roles/iam.serviceAccountTokenCreator","members":["serviceAccount:firebase-adminsdk-fbsvc@justice-bot-16f26.iam.gserviceaccount.com"]},{"role":"roles/owner","members":["user:terri.bertin57@gmail.com"]},{"role":"roles/run.serviceAgent","members":["serviceAccount:service-365206120273@serverless-robot-prod.iam.gserviceaccount.com"]},{"role":"roles/run.viewer","members":["serviceAccount:github-action-1017692965@justice-bot-16f26.iam.gserviceaccount.com"]},{"role":"roles/secretmanager.admin_withcond_51969aa36601df3a2fd3","members":["serviceAccount:service-365206120273@gcp-sa-cloudbuild.iam.gserviceaccount.com"]},{"role":"roles/secretmanager.admin_withcond_e0f521b5a3a5a0b16244","members":["serviceAccount:service-365206120273@gcp-sa-devconnect.iam.gserviceaccount.com"]},{"role":"roles/serviceusage.apiKeysViewer","members":["serviceAccount:github-action-1017692965@justice-bot-16f26.iam.gserviceaccount.com"]},{"role":"roles/serviceusage.serviceUsageConsumer","members":["serviceAccount:github-action-1017692965@justice-bot-16f26.iam.gserviceaccount.com"]},{"role":"roles/storage.admin","members":["serviceAccount:firebase-adminsdk-fbsvc@justice-bot-16f26.iam.gserviceaccount.com"]},{"role":"roles/storage.objectViewer","members":["serviceAccount:firebase-app-hosting-compute@justice-bot-16f26.iam.gserviceaccount.com"]}]}
[debug] [2025-07-18T09:35:46.285Z] Checked if tokens are valid: true, expires at: 1752834943838
[debug] [2025-07-18T09:35:46.285Z] Checked if tokens are valid: true, expires at: 1752834943838
[debug] [2025-07-18T09:35:46.286Z] >>> [apiv2][query] POST https://cloudresourcemanager.googleapis.com/v1/projects/justice-bot-16f26:setIamPolicy [none]
[debug] [2025-07-18T09:35:46.286Z] >>> [apiv2][body] POST https://cloudresourcemanager.googleapis.com/v1/projects/justice-bot-16f26:setIamPolicy {"policy":{"version":1,"etag":"BwY6MLvFTdI=","bindings":[{"role":"roles/artifactregistry.serviceAgent","members":["serviceAccount:service-365206120273@gcp-sa-artifactregistry.iam.gserviceaccount.com"]},{"role":"roles/cloudbuild.builds.builder","members":["serviceAccount:365206120273@cloudbuild.gserviceaccount.com"]},{"role":"roles/cloudbuild.serviceAgent","members":["serviceAccount:service-365206120273@gcp-sa-cloudbuild.iam.gserviceaccount.com"]},{"role":"roles/cloudfunctions.developer","members":["serviceAccount:github-action-1017692965@justice-bot-16f26.iam.gserviceaccount.com"]},{"role":"roles/cloudfunctions.serviceAgent","members":["serviceAccount:service-365206120273@gcf-admin-robot.iam.gserviceaccount.com"]},{"role":"roles/containeranalysis.ServiceAgent","members":["serviceAccount:service-365206120273@container-analysis.iam.gserviceaccount.com"]},{"role":"roles/containerregistry.ServiceAgent","members":["serviceAccount:service-365206120273@containerregistry.iam.gserviceaccount.com"]},{"role":"roles/developerconnect.readTokenAccessor","members":["serviceAccount:firebase-app-hosting-compute@justice-bot-16f26.iam.gserviceaccount.com"]},{"role":"roles/developerconnect.serviceAgent","members":["serviceAccount:service-365206120273@gcp-sa-devconnect.iam.gserviceaccount.com"]},{"role":"roles/editor","members":["serviceAccount:365206120273-compute@developer.gserviceaccount.com","serviceAccount:justice-bot-16f26@appspot.gserviceaccount.com"]},{"role":"roles/firebase.managementServiceAgent","members":["serviceAccount:service-365206120273@gcp-sa-firebase.iam.gserviceaccount.com"]},{"role":"roles/firebase.sdkAdminServiceAgent","members":["serviceAccount:firebase-adminsdk-fbsvc@justice-bot-16f26.iam.gserviceaccount.com","serviceAccount:firebase-app-hosting-compute@justice-bot-16f26.iam.gserviceaccount.com"]},{"role":"roles/firebaseappcheck.admin","members":["serviceAccount:firebase-adminsdk-fbsvc@justice-bot-16f26.iam.gserviceaccount.com"]},{"role":"roles/firebaseapphosting.computeRunner","members":["serviceAccount:firebase-app-hosting-compute@justice-bot-16f26.iam.gserviceaccount.com"]},{"role":"roles/firebaseapphosting.serviceAgent","members":["serviceAccount:service-365206120273@gcp-sa-firebaseapphosting.iam.gserviceaccount.com"]},{"role":"roles/firebaseauth.admin","members":["serviceAccount:github-action-1017692965@justice-bot-16f26.iam.gserviceaccount.com"]},{"role":"roles/firebasehosting.admin","members":["serviceAccount:github-action-1017692965@justice-bot-16f26.iam.gserviceaccount.com"]},{"role":"roles/firebaserules.system","members":["serviceAccount:service-365206120273@firebase-rules.iam.gserviceaccount.com"]},{"role":"roles/firestore.serviceAgent","members":["serviceAccount:service-365206120273@gcp-sa-firestore.iam.gserviceaccount.com"]},{"role":"roles/iam.serviceAccountTokenCreator","members":["serviceAccount:firebase-adminsdk-fbsvc@justice-bot-16f26.iam.gserviceaccount.com"]},{"role":"roles/owner","members":["user:terri.bertin57@gmail.com"]},{"role":"roles/run.serviceAgent","members":["serviceAccount:service-365206120273@serverless-robot-prod.iam.gserviceaccount.com"]},{"role":"roles/run.viewer","members":["serviceAccount:github-action-1017692965@justice-bot-16f26.iam.gserviceaccount.com"]},{"role":"roles/secretmanager.admin_withcond_51969aa36601df3a2fd3","members":["serviceAccount:service-365206120273@gcp-sa-cloudbuild.iam.gserviceaccount.com"]},{"role":"roles/secretmanager.admin_withcond_e0f521b5a3a5a0b16244","members":["serviceAccount:service-365206120273@gcp-sa-devconnect.iam.gserviceaccount.com"]},{"role":"roles/serviceusage.apiKeysViewer","members":["serviceAccount:github-action-1017692965@justice-bot-16f26.iam.gserviceaccount.com"]},{"role":"roles/serviceusage.serviceUsageConsumer","members":["serviceAccount:github-action-1017692965@justice-bot-16f26.iam.gserviceaccount.com"]},{"role":"roles/storage.admin","members":["serviceAccount:firebase-adminsdk-fbsvc@justice-bot-16f26.iam.gserviceaccount.com"]},{"role":"roles/storage.objectViewer","members":["serviceAccount:firebase-app-hosting-compute@justice-bot-16f26.iam.gserviceaccount.com"]}]},"updateMask":"bindings"}
[debug] [2025-07-18T09:35:47.075Z] <<< [apiv2][status] POST https://cloudresourcemanager.googleapis.com/v1/projects/justice-bot-16f26:setIamPolicy 200
[debug] [2025-07-18T09:35:47.076Z] <<< [apiv2][body] POST https://cloudresourcemanager.googleapis.com/v1/projects/justice-bot-16f26:setIamPolicy {"version":1,"etag":"BwY6MNnkPSQ=","bindings":[{"role":"roles/artifactregistry.serviceAgent","members":["serviceAccount:service-365206120273@gcp-sa-artifactregistry.iam.gserviceaccount.com"]},{"role":"roles/cloudbuild.builds.builder","members":["serviceAccount:365206120273@cloudbuild.gserviceaccount.com"]},{"role":"roles/cloudbuild.serviceAgent","members":["serviceAccount:service-365206120273@gcp-sa-cloudbuild.iam.gserviceaccount.com"]},{"role":"roles/cloudfunctions.developer","members":["serviceAccount:github-action-1017692965@justice-bot-16f26.iam.gserviceaccount.com"]},{"role":"roles/cloudfunctions.serviceAgent","members":["serviceAccount:service-365206120273@gcf-admin-robot.iam.gserviceaccount.com"]},{"role":"roles/containeranalysis.ServiceAgent","members":["serviceAccount:service-365206120273@container-analysis.iam.gserviceaccount.com"]},{"role":"roles/containerregistry.ServiceAgent","members":["serviceAccount:service-365206120273@containerregistry.iam.gserviceaccount.com"]},{"role":"roles/developerconnect.readTokenAccessor","members":["serviceAccount:firebase-app-hosting-compute@justice-bot-16f26.iam.gserviceaccount.com"]},{"role":"roles/developerconnect.serviceAgent","members":["serviceAccount:service-365206120273@gcp-sa-devconnect.iam.gserviceaccount.com"]},{"role":"roles/editor","members":["serviceAccount:365206120273-compute@developer.gserviceaccount.com","serviceAccount:justice-bot-16f26@appspot.gserviceaccount.com"]},{"role":"roles/firebase.managementServiceAgent","members":["serviceAccount:service-365206120273@gcp-sa-firebase.iam.gserviceaccount.com"]},{"role":"roles/firebase.sdkAdminServiceAgent","members":["serviceAccount:firebase-adminsdk-fbsvc@justice-bot-16f26.iam.gserviceaccount.com","serviceAccount:firebase-app-hosting-compute@justice-bot-16f26.iam.gserviceaccount.com"]},{"role":"roles/firebaseappcheck.admin","members":["serviceAccount:firebase-adminsdk-fbsvc@justice-bot-16f26.iam.gserviceaccount.com"]},{"role":"roles/firebaseapphosting.computeRunner","members":["serviceAccount:firebase-app-hosting-compute@justice-bot-16f26.iam.gserviceaccount.com"]},{"role":"roles/firebaseapphosting.serviceAgent","members":["serviceAccount:service-365206120273@gcp-sa-firebaseapphosting.iam.gserviceaccount.com"]},{"role":"roles/firebaseauth.admin","members":["serviceAccount:github-action-1017692965@justice-bot-16f26.iam.gserviceaccount.com"]},{"role":"roles/firebasehosting.admin","members":["serviceAccount:github-action-1017692965@justice-bot-16f26.iam.gserviceaccount.com"]},{"role":"roles/firebaserules.system","members":["serviceAccount:service-365206120273@firebase-rules.iam.gserviceaccount.com"]},{"role":"roles/firestore.serviceAgent","members":["serviceAccount:service-365206120273@gcp-sa-firestore.iam.gserviceaccount.com"]},{"role":"roles/iam.serviceAccountTokenCreator","members":["serviceAccount:firebase-adminsdk-fbsvc@justice-bot-16f26.iam.gserviceaccount.com"]},{"role":"roles/owner","members":["user:terri.bertin57@gmail.com"]},{"role":"roles/run.serviceAgent","members":["serviceAccount:service-365206120273@serverless-robot-prod.iam.gserviceaccount.com"]},{"role":"roles/run.viewer","members":["serviceAccount:github-action-1017692965@justice-bot-16f26.iam.gserviceaccount.com"]},{"role":"roles/secretmanager.admin_withcond_51969aa36601df3a2fd3","members":["serviceAccount:service-365206120273@gcp-sa-cloudbuild.iam.gserviceaccount.com"]},{"role":"roles/secretmanager.admin_withcond_e0f521b5a3a5a0b16244","members":["serviceAccount:service-365206120273@gcp-sa-devconnect.iam.gserviceaccount.com"]},{"role":"roles/serviceusage.apiKeysViewer","members":["serviceAccount:github-action-1017692965@justice-bot-16f26.iam.gserviceaccount.com"]},{"role":"roles/serviceusage.serviceUsageConsumer","members":["serviceAccount:github-action-1017692965@justice-bot-16f26.iam.gserviceaccount.com"]},{"role":"roles/storage.admin","members":["serviceAccount:firebase-adminsdk-fbsvc@justice-bot-16f26.iam.gserviceaccount.com"]},{"role":"roles/storage.objectViewer","members":["serviceAccount:firebase-app-hosting-compute@justice-bot-16f26.iam.gserviceaccount.com"]}]}
[info] i  This command links your local project to Firebase App Hosting. You will be able to deploy your web app with `firebase deploy` after setup. 
[debug] [2025-07-18T09:35:50.407Z] Checked if tokens are valid: true, expires at: 1752834943838
[debug] [2025-07-18T09:35:50.407Z] Checked if tokens are valid: true, expires at: 1752834943838
[debug] [2025-07-18T09:35:50.407Z] >>> [apiv2][query] GET https://firebaseapphosting.googleapis.com/v1beta/projects/justice-bot-16f26/locations/-/backends 
[debug] [2025-07-18T09:35:50.873Z] <<< [apiv2][status] GET https://firebaseapphosting.googleapis.com/v1beta/projects/justice-bot-16f26/locations/-/backends 200
[debug] [2025-07-18T09:35:50.873Z] <<< [apiv2][body] GET https://firebaseapphosting.googleapis.com/v1beta/projects/justice-bot-16f26/locations/-/backends {"backends":[{"name":"projects/justice-bot-16f26/locations/us-central1/backends/backend-justice-bot","createTime":"2025-07-18T09:31:23.550239901Z","updateTime":"2025-07-18T09:31:25.029177Z","uri":"backend-justice-bot--justice-bot-16f26.us-central1.hosted.app","codebase":{"repository":"projects/justice-bot-16f26/locations/us-central1/connections/apphosting-github-conn-gl30nz/gitRepositoryLinks/MissyCanada2019-Justice-bot-smartdisputefinal","rootDirectory":"/"},"uid":"5f926e5c-3075-4a92-9755-b6662ef563ba","etag":"j1aunFj4VO6N-TR31IyhdPU4NKGoKAa2Lh9l3LgbCAM","reconciling":false,"servingLocality":"GLOBAL_ACCESS","serviceAccount":"firebase-app-hosting-compute@justice-bot-16f26.iam.gserviceaccount.com","appId":"1:365206120273:web:b1f9e84019d244b7625570"},{"name":"projects/justice-bot-16f26/locations/us-central1/backends/justice-bot","createTime":"2025-07-10T02:44:01.017061124Z","updateTime":"2025-07-17T05:18:48.963225972Z","uri":"justice-bot--justice-bot-16f26.us-central1.hosted.app","codebase":{"repository":"projects/justice-bot-16f26/locations/us-central1/connections/apphosting-github-conn-gl30nz/gitRepositoryLinks/MissyCanada2019-justice-bot","rootDirectory":"/"},"uid":"f42fb581-fc4c-4937-864e-6c3af3179ded","etag":"NqeLCVCKP-QauHLt0UL7mDhAercJGPAXEJi67RDxRNQ","reconciling":false,"servingLocality":"GLOBAL_ACCESS","serviceAccount":"firebase-app-hosting-compute@justice-bot-16f26.iam.gserviceaccount.com","appId":"1:365206120273:web:b1f9e84019d244b7625570"}]}
[info] i  === Deploy local source setup 
[info] +  Wrote configuration info to firebase.json 
[info] i  Writing default settings to apphosting.yaml... 
[info] i  C:\Users\Admin\justice-bot.com\apphosting.yaml is unchanged 
[info] +  Firebase initialization complete! 
[info] 
=== Hosting Setup
[debug] [2025-07-18T09:36:01.616Z] Checked if tokens are valid: true, expires at: 1752834943838
[debug] [2025-07-18T09:36:01.616Z] Checked if tokens are valid: true, expires at: 1752834943838
[debug] [2025-07-18T09:36:01.617Z] >>> [apiv2][query] GET https://firebase.googleapis.com/v1beta1/projects/justice-bot-16f26 [none]
[debug] [2025-07-18T09:36:01.899Z] <<< [apiv2][status] GET https://firebase.googleapis.com/v1beta1/projects/justice-bot-16f26 200
[debug] [2025-07-18T09:36:01.899Z] <<< [apiv2][body] GET https://firebase.googleapis.com/v1beta1/projects/justice-bot-16f26 {"projectId":"justice-bot-16f26","projectNumber":"365206120273","displayName":"Justice-bot","name":"projects/justice-bot-16f26","resources":{"hostingSite":"justice-bot-16f26","realtimeDatabaseInstance":"justice-bot-16f26-default-rtdb"},"state":"ACTIVE","etag":"1_3f800354-a0d2-4dc9-bfcf-5d965cc1eaf6"}
[info] 
[info] Your public directory is the folder (relative to your project directory) that
[info] will contain Hosting assets to be uploaded with firebase deploy. If you
[info] have a build process for your assets, use your build's output directory.
[info] 
[debug] [2025-07-18T09:36:22.013Z] >>> [apiv2][query] GET https://www.gstatic.com/firebasejs/releases.json [none]
[debug] [2025-07-18T09:36:22.126Z] <<< [apiv2][status] GET https://www.gstatic.com/firebasejs/releases.json 200
[debug] [2025-07-18T09:36:22.126Z] <<< [apiv2][body] GET https://www.gstatic.com/firebasejs/releases.json {"current":{"version":"12.0.0","browserURL":"https://www.gstatic.com/firebasejs/12.0.0/firebase.js","packageURL":"https://www.gstatic.com/firebasejs/12.0.0/firebase.tgz"},"live":{"version":"12.0","browserURL":"https://www.gstatic.com/firebasejs/live/12.0/firebase.js","packageURL":"https://www.gstatic.com/firebasejs/live/12.0/firebase.tgz"},"components":{"ai":"https://www.gstatic.com/firebasejs/12.0.0/firebase-ai.js","analytics":"https://www.gstatic.com/firebasejs/12.0.0/firebase-analytics.js","app":"https://www.gstatic.com/firebasejs/12.0.0/firebase-app.js","app-check":"https://www.gstatic.com/firebasejs/12.0.0/firebase-app-check.js","auth":"https://www.gstatic.com/firebasejs/12.0.0/firebase-auth.js","auth/cordova":"https://www.gstatic.com/firebasejs/12.0.0/firebase-auth/cordova.js","auth/web-extension":"https://www.gstatic.com/firebasejs/12.0.0/firebase-auth/web-extension.js","functions":"https://www.gstatic.com/firebasejs/12.0.0/firebase-functions.js","firestore":"https://www.gstatic.com/firebasejs/12.0.0/firebase-firestore.js","firestore/lite":"https://www.gstatic.com/firebasejs/12.0.0/firebase-firestore/lite.js","installations":"https://www.gstatic.com/firebasejs/12.0.0/firebase-installations.js","storage":"https://www.gstatic.com/firebasejs/12.0.0/firebase-storage.js","performance":"https://www.gstatic.com/firebasejs/12.0.0/firebase-performance.js","remote-config":"https://www.gstatic.com/firebasejs/12.0.0/firebase-remote-config.js","messaging":"https://www.gstatic.com/firebasejs/12.0.0/firebase-messaging.js","messaging/sw":"https://www.gstatic.com/firebasejs/12.0.0/firebase-messaging/sw.js","database":"https://www.gstatic.com/firebasejs/12.0.0/firebase-database.js","data-connect":"https://www.gstatic.com/firebasejs/12.0.0/firebase-data-connect.js","firestore.memory":"https://www.gstatic.com/firebasejs/12.0.0/firebase-firestore.memory.js"}}
[info] i  index.html/index.html is unchanged 
[info] 
[info] i  Detected a .git folder at C:\Users\Admin\justice-bot.com 
[info] i  Authorizing with GitHub to upload your service account to a GitHub repository's secrets store. 
[info] 
[info] Visit this URL on this device to log in:
[info] https://github.com/login/oauth/authorize?client_id=89cf50f02ac6aaed3484&state=264756551&redirect_uri=http%3A%2F%2Flocalhost%3A9005&scope=read%3Auser%20repo%20public_repo
[info] 
[info] Waiting for authentication...
[debug] [2025-07-18T09:36:23.051Z] >>> [apiv2][query] POST https://github.com/login/oauth/access_token [none]
[debug] [2025-07-18T09:36:23.051Z] >>> [apiv2][body] POST https://github.com/login/oauth/access_token [stream]
[debug] [2025-07-18T09:36:23.318Z] <<< [apiv2][status] POST https://github.com/login/oauth/access_token 200
[debug] [2025-07-18T09:36:23.318Z] <<< [apiv2][body] POST https://github.com/login/oauth/access_token {"access_token":"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","token_type":"bearer","scope":"read:user,repo"}
[debug] [2025-07-18T09:36:23.329Z] >>> [apiv2][query] GET https://api.github.com/user [none]
[debug] [2025-07-18T09:36:23.634Z] <<< [apiv2][status] GET https://api.github.com/user 200
[debug] [2025-07-18T09:36:23.634Z] <<< [apiv2][body] GET https://api.github.com/user {"login":"MissyCanada2019","id":177796536,"node_id":"U_kgDOCpj1uA","avatar_url":"https://avatars.githubusercontent.com/u/177796536?v=4","gravatar_id":"","url":"https://api.github.com/users/MissyCanada2019","html_url":"https://github.com/MissyCanada2019","followers_url":"https://api.github.com/users/MissyCanada2019/followers","following_url":"https://api.github.com/users/MissyCanada2019/following{/other_user}","gists_url":"https://api.github.com/users/MissyCanada2019/gists{/gist_id}","starred_url":"https://api.github.com/users/MissyCanada2019/starred{/owner}{/repo}","subscriptions_url":"https://api.github.com/users/MissyCanada2019/subscriptions","organizations_url":"https://api.github.com/users/MissyCanada2019/orgs","repos_url":"https://api.github.com/users/MissyCanada2019/repos","events_url":"https://api.github.com/users/MissyCanada2019/events{/privacy}","received_events_url":"https://api.github.com/users/MissyCanada2019/received_events","type":"User","user_view_type":"private","site_admin":false,"name":null,"company":null,"blog":"","location":null,"email":null,"hireable":null,"bio":null,"twitter_username":null,"notification_email":null,"public_repos":12,"public_gists":0,"followers":0,"following":2,"created_at":"2024-08-07T23:35:19Z","updated_at":"2025-07-18T05:44:30Z","private_gists":0,"total_private_repos":12,"owned_private_repos":12,"disk_usage":1242682,"collaborators":0,"two_factor_authentication":true,"plan":{"name":"free","space":976562499,"collaborators":0,"private_repos":10000}}
[info] 
[info] +  Success! Logged into GitHub as MissyCanada2019 
[info] 
[debug] [2025-07-18T09:38:01.703Z] >>> [apiv2][query] GET https://api.github.com/repos/ For which GitHub repository would you like to set up a GitHub workflow? (format: user/repository) For which GitHub repository would you like to set up a GitHub workflow? (format: user/repository)MissyCanada2019/firebase-justice-bot/actions/secrets/public-key type=owner
[debug] [2025-07-18T09:38:01.907Z] <<< [apiv2][status] GET https://api.github.com/repos/ For which GitHub repository would you like to set up a GitHub workflow? (format: user/repository) For which GitHub repository would you like to set up a GitHub workflow? (format: user/repository)MissyCanada2019/firebase-justice-bot/actions/secrets/public-key 404
[debug] [2025-07-18T09:38:01.907Z] <<< [apiv2][body] GET https://api.github.com/repos/ For which GitHub repository would you like to set up a GitHub workflow? (format: user/repository) For which GitHub repository would you like to set up a GitHub workflow? (format: user/repository)MissyCanada2019/firebase-justice-bot/actions/secrets/public-key {"message":"Not Found","documentation_url":"https://docs.github.com/rest","status":"404"}
[info] 
[info] 
[error] !  The provided authorization cannot be used with this repository. If this repository is in an organization, did you remember to grant access? 
[info] 
[info] i  Action required: Visit this URL to ensure access has been granted to the appropriate organization(s) for the Firebase CLI GitHub OAuth App: 
[info] https://github.com/settings/connections/applications/89cf50f02ac6aaed3484
[info] 
[debug] [2025-07-18T09:38:04.874Z] >>> [apiv2][query] GET https://api.github.com/repos/ For which GitHub repository would you like to set up a GitHub workflow? (format: user/repository) For which GitHub repository would you like to set up a GitHub workflow? (format: user/repository)MissyCanada2019/firebase-justice-botMissyCanada2019/firebase-justice-bot/actions/secrets/public-key type=owner
[debug] [2025-07-18T09:38:04.980Z] <<< [apiv2][status] GET https://api.github.com/repos/ For which GitHub repository would you like to set up a GitHub workflow? (format: user/repository) For which GitHub repository would you like to set up a GitHub workflow? (format: user/repository)MissyCanada2019/firebase-justice-botMissyCanada2019/firebase-justice-bot/actions/secrets/public-key 404
[debug] [2025-07-18T09:38:04.980Z] <<< [apiv2][body] GET https://api.github.com/repos/ For which GitHub repository would you like to set up a GitHub workflow? (format: user/repository) For which GitHub repository would you like to set up a GitHub workflow? (format: user/repository)MissyCanada2019/firebase-justice-botMissyCanada2019/firebase-justice-bot/actions/secrets/public-key {"message":"Not Found","documentation_url":"https://docs.github.com/rest","status":"404"}
[info] 
[info] 
[error] !  The provided authorization cannot be used with this repository. If this repository is in an organization, did you remember to grant access? 
[info] 
[info] i  Action required: Visit this URL to ensure access has been granted to the appropriate organization(s) for the Firebase CLI GitHub OAuth App: 
[info] https://github.com/settings/connections/applications/89cf50f02ac6aaed3484
[info] 
